Flutter crash report.
Please report a bug at https://github.com/flutter/flutter/issues.

## command

flutter --no-color pub outdated

## exception

FileSystemException: FileSystemException: writeFrom failed, path = 'C:\Users\mazen\AppData\Roaming\.dart-tool\dart-flutter-telemetry.log' (OS Error: There is not enough space on the disk.
, errno = 112)

```
#0      _RandomAccessFile.writeFromSync (dart:io/file_impl.dart:905:7)
#1      _File.writeAsBytesSync (dart:io/file_impl.dart:646:14)
#2      _File.writeAsStringSync (dart:io/file_impl.dart:668:5)
#3      ForwardingFile.writeAsStringSync (package:file/src/forwarding/forwarding_file.dart:150:16)
#4      LogHandler.save (package:unified_analytics/src/log_handler.dart:296:15)
#5      AnalyticsImpl.send (package:unified_analytics/src/analytics.dart:622:17)
#6      FlutterCommand._sendPostUsage (package:flutter_tools/src/runner/flutter_command.dart:1613:15)
#7      FlutterCommand.run.<anonymous closure> (package:flutter_tools/src/runner/flutter_command.dart:1399:13)
<asynchronous suspension>
#8      AppContext.run.<anonymous closure> (package:flutter_tools/src/base/context.dart:153:19)
<asynchronous suspension>
#9      CommandRunner.runCommand (package:args/command_runner.dart:212:13)
<asynchronous suspension>
#10     FlutterCommandRunner.runCommand.<anonymous closure> (package:flutter_tools/src/runner/flutter_command_runner.dart:372:9)
<asynchronous suspension>
#11     AppContext.run.<anonymous closure> (package:flutter_tools/src/base/context.dart:153:19)
<asynchronous suspension>
#12     FlutterCommandRunner.runCommand (package:flutter_tools/src/runner/flutter_command_runner.dart:308:5)
<asynchronous suspension>
#13     run.<anonymous closure>.<anonymous closure> (package:flutter_tools/runner.dart:130:9)
<asynchronous suspension>
#14     AppContext.run.<anonymous closure> (package:flutter_tools/src/base/context.dart:153:19)
<asynchronous suspension>
#15     main (package:flutter_tools/executable.dart:93:3)
<asynchronous suspension>
```

## flutter doctor

```
[✓] Flutter (Channel stable, 3.22.2, on Microsoft Windows [Version 10.0.22635.2771], locale en-US)
    • Flutter version 3.22.2 on channel stable at D:\Flutter\flutter_windows_3.22.2-stable\flutter
    • Upstream repository https://github.com/flutter/flutter.git
    • Framework revision 761747bfc5 (9 months ago), 2024-06-05 22:15:13 +0200
    • Engine revision edd8546116
    • Dart version 3.4.3
    • DevTools version 2.34.3

[✓] Windows Version (Installed version of Windows is version 10 or higher)

[✓] Android toolchain - develop for Android devices (Android SDK version 34.0.0)
    • Android SDK at C:\Users\mazen\AppData\Local\Android\sdk
    • Platform android-34, build-tools 34.0.0
    • Java binary at: C:\Program Files\Java\jdk-17\bin\java
    • Java version Java(TM) SE Runtime Environment (build 17.0.12+8-LTS-286)
    • All Android licenses accepted.

[✓] Chrome - develop for the web
    • Chrome at C:\Program Files\Google\Chrome\Application\chrome.exe

[✓] Visual Studio - develop Windows apps (Visual Studio Community 2022 17.9.6)
    • Visual Studio at C:\Program Files\Microsoft Visual Studio\2022\Community
    • Visual Studio Community 2022 version 17.9.34728.123
    • Windows 10 SDK version 10.0.22621.0

[✓] Android Studio (version 2024.2)
    • Android Studio at C:\Program Files\Android\Android Studio
    • Flutter plugin can be installed from:
      🔨 https://plugins.jetbrains.com/plugin/9212-flutter
    • Dart plugin can be installed from:
      🔨 https://plugins.jetbrains.com/plugin/6351-dart
    • Java version OpenJDK Runtime Environment (build 21.0.4+-12508038-b607.1)

[✓] VS Code (version 1.97.2)
    • VS Code at C:\Users\mazen\AppData\Local\Programs\Microsoft VS Code
    • Flutter extension version 3.104.0

[✓] Connected device (4 available)
    • 2107113SG (mobile) • 49bb215e • android-arm64  • Android 14 (API 34)
    • Windows (desktop)  • windows  • windows-x64    • Microsoft Windows [Version 10.0.22635.2771]
    • Chrome (web)       • chrome   • web-javascript • Google Chrome 133.0.6943.142
    • Edge (web)         • edge     • web-javascript • Microsoft Edge 133.0.3065.82

[✓] Network resources
    • All expected network resources are available.

• No issues found!
```
